<?xml version="1.0" encoding="UTF-8" ?>
<testsuite tests="9" failures="2" name="runTest" time="0.059" errors="0" skipped="5">
  <properties>
[...]
</properties>
  <testcase classname="Scenario: People conducting meetings on zip code 10011" name="Given I open the browser" time="0.002"/>
  <testcase classname="Scenario: People conducting meetings on zip code 10011" name="When I Navigate to https://www.weightwatchers.com/us/" time="0"/>
  <testcase classname="Scenario: People conducting meetings on zip code 10011" name="Then I verify loaded page title matches “WW (Weight Watchers): Weight Loss &amp; Wellness Help”" time="0.008">
    <failure message="expected:&lt;[“WW (Weight Watchers): Weight Loss &amp; Wellness Help”]&gt; but was:&lt;[WW (Weight Watchers): Weight Loss &amp; Wellness Help]&gt;" type="org.junit.ComparisonFailure">org.junit.ComparisonFailure: expected:&lt;[“WW (Weight Watchers): Weight Loss &amp; Wellness Help”]&gt; but was:&lt;[WW (Weight Watchers): Weight Loss &amp; Wellness Help]&gt;
	at org.junit.Assert.assertEquals(Assert.java:115)
	at org.junit.Assert.assertEquals(Assert.java:144)
	at quesiton2_stepDefinition.i_verify_loaded_page_title_matches_page_title(quesiton2_stepDefinition.java:26)
	at ✽.Then I verify loaded page title matches “WW (Weight Watchers): Weight Loss &amp; Wellness Help”(question2.feature:6)
</failure>
  </testcase>
  <testcase classname="Scenario: People conducting meetings on zip code 10011" name="Scenario: People conducting meetings on zip code 10011" time="0.008">
    <failure message="expected:&lt;[“WW (Weight Watchers): Weight Loss &amp; Wellness Help”]&gt; but was:&lt;[WW (Weight Watchers): Weight Loss &amp; Wellness Help]&gt;" type="org.junit.ComparisonFailure">org.junit.ComparisonFailure: expected:&lt;[“WW (Weight Watchers): Weight Loss &amp; Wellness Help”]&gt; but was:&lt;[WW (Weight Watchers): Weight Loss &amp; Wellness Help]&gt;
	at org.junit.Assert.assertEquals(Assert.java:115)
	at org.junit.Assert.assertEquals(Assert.java:144)
	at quesiton2_stepDefinition.i_verify_loaded_page_title_matches_page_title(quesiton2_stepDefinition.java:26)
	at ✽.Then I verify loaded page title matches “WW (Weight Watchers): Weight Loss &amp; Wellness Help”(question2.feature:6)
</failure>
  </testcase>
  <testcase classname="Scenario: People conducting meetings on zip code 10011" name="When On the right corner of the page, click on “Find a Studio”" time="0.008">
    <skipped/>
  </testcase>
  <testcase classname="Scenario: People conducting meetings on zip code 10011" name="Then Verify loaded page title contains &quot;Find a Studio &amp; Meeting Near You | WW USA&quot;" time="0.008">
    <skipped/>
  </testcase>
  <testcase classname="Scenario: People conducting meetings on zip code 10011" name="When In the search field, search for studios for zip code: 10011" time="0.008">
    <skipped/>
  </testcase>
  <testcase classname="Scenario: People conducting meetings on zip code 10011" name="Then Print the title of the first result and the distance" time="0.008">
    <skipped/>
  </testcase>
  <testcase classname="Scenario: People conducting meetings on zip code 10011" name="And Click on the first search result and you should see names of the person conducting the meeting on the scheduled time right under time for each day." time="0.009">
    <skipped/>
  </testcase>
</testsuite>